{"/Users/stevengong/study/log-analyze/testData.js": {"path":"/Users/stevengong/study/log-analyze/testData.js","statementMap":{"0":{"start":{"line":1,"column":16},"end":{"line":1,"column":224}},"1":{"start":{"line":3,"column":4},"end":{"line":12,"column":5}},"2":{"start":{"line":15,"column":0},"end":{"line":15,"column":42}}},"fnMap":{},"branchMap":{},"s":{"0":1,"1":1,"2":1},"f":{},"b":{},"_coverageSchema":"1a1c01bbd47fc00a2c39e90264f33305004495a9","hash":"f32a41cc5a662528978dc77f63aec5be6f6f5ec2"}
,"/Users/stevengong/study/log-analyze/util.js": {"path":"/Users/stevengong/study/log-analyze/util.js","statementMap":{"0":{"start":{"line":2,"column":16},"end":{"line":6,"column":1}},"1":{"start":{"line":3,"column":15},"end":{"line":3,"column":40}},"2":{"start":{"line":4,"column":16},"end":{"line":4,"column":52}},"3":{"start":{"line":5,"column":4},"end":{"line":5,"column":23}},"4":{"start":{"line":8,"column":18},"end":{"line":16,"column":1}},"5":{"start":{"line":9,"column":37},"end":{"line":9,"column":43}},"6":{"start":{"line":10,"column":24},"end":{"line":10,"column":37}},"7":{"start":{"line":12,"column":4},"end":{"line":12,"column":55}},"8":{"start":{"line":13,"column":4},"end":{"line":13,"column":64}},"9":{"start":{"line":15,"column":4},"end":{"line":15,"column":36}},"10":{"start":{"line":18,"column":18},"end":{"line":23,"column":1}},"11":{"start":{"line":19,"column":29},"end":{"line":19,"column":59}},"12":{"start":{"line":20,"column":56},"end":{"line":20,"column":112}},"13":{"start":{"line":20,"column":99},"end":{"line":20,"column":110}},"14":{"start":{"line":21,"column":52},"end":{"line":21,"column":105}},"15":{"start":{"line":21,"column":92},"end":{"line":21,"column":103}},"16":{"start":{"line":22,"column":4},"end":{"line":22,"column":110}},"17":{"start":{"line":25,"column":0},"end":{"line":25,"column":51}}},"fnMap":{"0":{"name":"(anonymous_0)","decl":{"start":{"line":2,"column":16},"end":{"line":2,"column":17}},"loc":{"start":{"line":2,"column":30},"end":{"line":6,"column":1}},"line":2},"1":{"name":"(anonymous_1)","decl":{"start":{"line":8,"column":18},"end":{"line":8,"column":19}},"loc":{"start":{"line":8,"column":36},"end":{"line":16,"column":1}},"line":8},"2":{"name":"(anonymous_2)","decl":{"start":{"line":18,"column":18},"end":{"line":18,"column":19}},"loc":{"start":{"line":18,"column":48},"end":{"line":23,"column":1}},"line":18},"3":{"name":"(anonymous_3)","decl":{"start":{"line":20,"column":88},"end":{"line":20,"column":89}},"loc":{"start":{"line":20,"column":99},"end":{"line":20,"column":110}},"line":20},"4":{"name":"(anonymous_4)","decl":{"start":{"line":21,"column":82},"end":{"line":21,"column":83}},"loc":{"start":{"line":21,"column":92},"end":{"line":21,"column":103}},"line":21}},"branchMap":{"0":{"loc":{"start":{"line":12,"column":19},"end":{"line":12,"column":54}},"type":"cond-expr","locations":[{"start":{"line":12,"column":34},"end":{"line":12,"column":50}},{"start":{"line":12,"column":53},"end":{"line":12,"column":54}}],"line":12},"1":{"loc":{"start":{"line":13,"column":22},"end":{"line":13,"column":63}},"type":"cond-expr","locations":[{"start":{"line":13,"column":40},"end":{"line":13,"column":59}},{"start":{"line":13,"column":62},"end":{"line":13,"column":63}}],"line":13}},"s":{"0":1,"1":9,"2":9,"3":9,"4":1,"5":8,"6":8,"7":8,"8":8,"9":8,"10":1,"11":1,"12":1,"13":5,"14":1,"15":3,"16":1,"17":1},"f":{"0":9,"1":8,"2":1,"3":5,"4":3},"b":{"0":[5,3],"1":[4,4]},"_coverageSchema":"1a1c01bbd47fc00a2c39e90264f33305004495a9","hash":"ae748994e049ea0e27fde51c496131ccda088f11"}
}
