TN:
SF:testData.js
FNF:0
FNH:0
DA:1,1
DA:3,1
DA:15,1
LF:3
LH:3
BRF:0
BRH:0
end_of_record
TN:
SF:util.js
FN:2,(anonymous_0)
FN:8,(anonymous_1)
FN:18,(anonymous_2)
FN:20,(anonymous_3)
FN:21,(anonymous_4)
FNF:5
FNH:5
FNDA:9,(anonymous_0)
FNDA:8,(anonymous_1)
FNDA:1,(anonymous_2)
FNDA:5,(anonymous_3)
FNDA:3,(anonymous_4)
DA:2,1
DA:3,9
DA:4,9
DA:5,9
DA:8,1
DA:9,8
DA:10,8
DA:12,8
DA:13,8
DA:15,8
DA:18,1
DA:19,1
DA:20,5
DA:21,3
DA:22,1
DA:25,1
LF:16
LH:16
BRDA:12,0,0,5
BRDA:12,0,1,3
BRDA:13,1,0,4
BRDA:13,1,1,4
BRF:4
BRH:4
end_of_record
